<?xml version="1.0" encoding="UTF-8"?>
<!-- Generated by org.testng.reporters.JUnitXMLReporter -->
<testsuite hostname="zhidongmei-NPC" name="operatemanage" tests="4" failures="0" timestamp="6 Dec 2016 10:11:12 GMT" time="65.646" errors="0">
  <testcase name="login" time="18.184" classname="infocenter.test.operatemanage.IssueLogTest"/>
  <testcase name="queryLogsByConditions" time="14.03" classname="infocenter.test.operatemanage.IssueLogTest"/>
  <testcase name="login" time="12.092" classname="infocenter.test.operatemanage.OperatControlTest"/>
  <testcase name="queryDataByConditions" time="12.751" classname="infocenter.test.operatemanage.OperatControlTest"/>
</testsuite> <!-- operatemanage -->
