<?xml version="1.0" encoding="UTF-8"?>
<testng-results skipped="0" failed="0" total="1" passed="1">
  <reporter-output>
    <line>
      <![CDATA[[sand 2017-02-19 17:58:43] =======================================================]]>
    </line>
    <line>
      <![CDATA[[sand 2017-02-19 17:58:43]                     测试框架执行开始]]>
    </line>
    <line>
      <![CDATA[[sand 2017-02-19 17:58:43] =======================================================]]>
    </line>
    <line>
      <![CDATA[[sand 2017-02-19 17:58:43] 初始化配置文件]]>
    </line>
    <line>
      <![CDATA[[SAND 2017-02-19 17:58:43] 测试套件【suite】执行开始]]>
    </line>
    <line>
      <![CDATA[[SAND 2017-02-19 17:58:43] 测试集【loginsuit】执行开始 ]]>
    </line>
    <line>
      <![CDATA[[SAND 2017-02-19 17:58:43] 测试集【loginsuit】执行开始 ]]>
    </line>
    <line>
      <![CDATA[[SAND 2017-02-19 17:58:43] 测试方法【beforeTestBase】执行开始]]>
    </line>
    <line>
      <![CDATA[[SAND 2017-02-19 17:58:43] 打开Chrome浏览器]]>
    </line>
    <line>
      <![CDATA[[SAND 2017-02-19 17:58:46] 设置全局显示等待:10]]>
    </line>
    <line>
      <![CDATA[[SAND 2017-02-19 17:58:47] 测试方法【beforeTestBase】执行结束]]>
    </line>
    <line>
      <![CDATA[[SAND 2017-02-19 17:58:47] 测试方法【beforeBaseClass】执行开始]]>
    </line>
    <line>
      <![CDATA[[SAND 2017-02-19 17:58:47] +++++++++++++++++++++++++++++连接数据库]]>
    </line>
    <line>
      <![CDATA[[SAND 2017-02-19 17:58:47] 测试方法【beforeBaseClass】执行结束]]>
    </line>
    <line>
      <![CDATA[[SAND 2017-02-19 17:58:47] 测试方法【initPage】执行开始]]>
    </line>
    <line>
      <![CDATA[[SAND 2017-02-19 17:58:47] 测试方法【initPage】执行结束]]>
    </line>
    <line>
      <![CDATA[[SAND 2017-02-19 17:58:47] 测试方法【login】执行开始]]>
    </line>
    <line>
      <![CDATA[[SAND 2017-02-19 17:58:54] 测试方法【login】执行结束]]>
    </line>
    <line>
      <![CDATA[[SAND 2017-02-19 17:58:54] =======================================================]]>
    </line>
    <line>
      <![CDATA[[SAND 2017-02-19 17:58:54] 测试方法 【login】 执行成功！]]>
    </line>
    <line>
      <![CDATA[[SAND 2017-02-19 17:58:54] =======================================================]]>
    </line>
    <line>
      <![CDATA[[SAND 2017-02-19 17:58:54] =======================================================]]>
    </line>
    <line>
      <![CDATA[[SAND 2017-02-19 17:58:54] 测试方法 【login】 执行成功！]]>
    </line>
    <line>
      <![CDATA[[SAND 2017-02-19 17:58:54] =======================================================]]>
    </line>
    <line>
      <![CDATA[[SAND 2017-02-19 17:58:54] 测试方法【afterBaseClass】执行开始]]>
    </line>
    <line>
      <![CDATA[[SAND 2017-02-19 17:58:54] 测试方法【afterBaseClass】执行结束]]>
    </line>
    <line>
      <![CDATA[[SAND 2017-02-19 17:58:54] 测试方法【afterTest】执行开始]]>
    </line>
    <line>
      <![CDATA[[SAND 2017-02-19 17:58:55] 测试方法【afterTest】执行结束]]>
    </line>
  </reporter-output>
  <suite name="suite" duration-ms="12261" started-at="2017-02-19T09:58:43Z" finished-at="2017-02-19T09:58:55Z">
    <groups>
      <group name="login">
        <method signature="LoginTest.login(java.lang.String, java.lang.String)[pri:0, instance:infocenter.test.LoginTest@67205a84]" name="login" class="infocenter.test.LoginTest"/>
      </group> <!-- login -->
    </groups>
    <test name="loginsuit" duration-ms="12261" started-at="2017-02-19T09:58:43Z" finished-at="2017-02-19T09:58:55Z">
      <class name="infocenter.test.LoginTest">
        <test-method status="PASS" signature="beforeTestBase()[pri:0, instance:infocenter.test.LoginTest@67205a84]" name="beforeTestBase" is-config="true" duration-ms="4083" started-at="2017-02-19T17:58:43Z" finished-at="2017-02-19T17:58:47Z">
          <reporter-output>
            <line>
              <![CDATA[[SAND 2017-02-19 17:58:43] 打开Chrome浏览器]]>
            </line>
            <line>
              <![CDATA[[SAND 2017-02-19 17:58:46] 设置全局显示等待:10]]>
            </line>
            <line>
              <![CDATA[[SAND 2017-02-19 17:58:47] 测试方法【beforeTestBase】执行结束]]>
            </line>
          </reporter-output>
        </test-method> <!-- beforeTestBase -->
        <test-method status="PASS" signature="beforeBaseClass()[pri:0, instance:infocenter.test.LoginTest@67205a84]" name="beforeBaseClass" is-config="true" duration-ms="1" started-at="2017-02-19T17:58:47Z" finished-at="2017-02-19T17:58:47Z">
          <reporter-output>
            <line>
              <![CDATA[[SAND 2017-02-19 17:58:47] +++++++++++++++++++++++++++++连接数据库]]>
            </line>
            <line>
              <![CDATA[[SAND 2017-02-19 17:58:47] 测试方法【beforeBaseClass】执行结束]]>
            </line>
          </reporter-output>
        </test-method> <!-- beforeBaseClass -->
        <test-method status="PASS" signature="initPage()[pri:0, instance:infocenter.test.LoginTest@67205a84]" name="initPage" is-config="true" duration-ms="25" started-at="2017-02-19T17:58:47Z" finished-at="2017-02-19T17:58:47Z">
          <reporter-output>
            <line>
              <![CDATA[[SAND 2017-02-19 17:58:47] 测试方法【initPage】执行结束]]>
            </line>
          </reporter-output>
        </test-method> <!-- initPage -->
        <test-method status="PASS" signature="login(java.lang.String, java.lang.String)[pri:0, instance:infocenter.test.LoginTest@67205a84]" name="login" duration-ms="6542" started-at="2017-02-19T17:58:47Z" data-provider="xml" finished-at="2017-02-19T17:58:54Z">
          <params>
            <param index="0">
              <value>
                <![CDATA[admin]]>
              </value>
            </param>
            <param index="1">
              <value>
                <![CDATA[111111]]>
              </value>
            </param>
          </params>
          <reporter-output>
            <line>
              <![CDATA[[SAND 2017-02-19 17:58:54] 测试方法【login】执行结束]]>
            </line>
            <line>
              <![CDATA[[SAND 2017-02-19 17:58:54] =======================================================]]>
            </line>
            <line>
              <![CDATA[[SAND 2017-02-19 17:58:54] 测试方法 【login】 执行成功！]]>
            </line>
            <line>
              <![CDATA[[SAND 2017-02-19 17:58:54] =======================================================]]>
            </line>
            <line>
              <![CDATA[[SAND 2017-02-19 17:58:54] =======================================================]]>
            </line>
            <line>
              <![CDATA[[SAND 2017-02-19 17:58:54] 测试方法 【login】 执行成功！]]>
            </line>
            <line>
              <![CDATA[[SAND 2017-02-19 17:58:54] =======================================================]]>
            </line>
          </reporter-output>
        </test-method> <!-- login -->
        <test-method status="PASS" signature="afterBaseClass()[pri:0, instance:infocenter.test.LoginTest@67205a84]" name="afterBaseClass" is-config="true" duration-ms="1" started-at="2017-02-19T17:58:54Z" finished-at="2017-02-19T17:58:54Z">
          <reporter-output>
            <line>
              <![CDATA[[SAND 2017-02-19 17:58:54] 测试方法【afterBaseClass】执行结束]]>
            </line>
          </reporter-output>
        </test-method> <!-- afterBaseClass -->
        <test-method status="PASS" signature="afterTest()[pri:0, instance:infocenter.test.LoginTest@67205a84]" name="afterTest" is-config="true" duration-ms="1474" started-at="2017-02-19T17:58:54Z" finished-at="2017-02-19T17:58:55Z">
          <reporter-output>
            <line>
              <![CDATA[[SAND 2017-02-19 17:58:55] 测试方法【afterTest】执行结束]]>
            </line>
          </reporter-output>
        </test-method> <!-- afterTest -->
      </class> <!-- infocenter.test.LoginTest -->
    </test> <!-- loginsuit -->
  </suite> <!-- suite -->
</testng-results>
